# JRE version: Java(TM) SE Runtime Environment (8.0_131-b11) (build 1.8.0_131-b11)
# Java VM: Java HotSpot(TM) Client VM (25.131-b11 mixed mode windows-x86 )
Heap:
 def new generation   total 4928K, used 3052K [0x04c00000, 0x05150000, 0x0a150000)
  eden space 4416K,  57% used [0x04c00000, 0x04e7b088, 0x05050000)
  from space 512K, 100% used [0x05050000, 0x050d0000, 0x050d0000)
  to   space 512K,   0% used [0x050d0000, 0x050d0000, 0x05150000)
 tenured generation   total 10944K, used 7315K [0x0a150000, 0x0ac00000, 0x14c00000)
   the space 10944K,  66% used [0x0a150000, 0x0a874c50, 0x0a874e00, 0x0ac00000)
 Metaspace       used 9272K, capacity 9467K, committed 9600K, reserved 9600K
GC Heap History (10 events):
Event: 0.956 GC heap before
{Heap before GC invocations=1 (full 0):
 def new generation   total 4928K, used 4928K [0x04c00000, 0x05150000, 0x0a150000)
  eden space 4416K, 100% used [0x04c00000, 0x05050000, 0x05050000)
  from space 512K, 100% used [0x050d0000, 0x05150000, 0x05150000)
  to   space 512K,   0% used [0x05050000, 0x05050000, 0x050d0000)
 tenured generation   total 10944K, used 1144K [0x0a150000, 0x0ac00000, 0x14c00000)
   the space 10944K,  10% used [0x0a150000, 0x0a26e028, 0x0a26e200, 0x0ac00000)
 Metaspace       used 6422K, capacity 6624K, committed 6656K, reserved 7552K
Event: 0.960 GC heap after
Heap after GC invocations=2 (full 0):
 def new generation   total 4928K, used 252K [0x04c00000, 0x05150000, 0x0a150000)
  eden space 4416K,   0% used [0x04c00000, 0x04c00000, 0x05050000)
  from space 512K,  49% used [0x05050000, 0x0508f248, 0x050d0000)
  to   space 512K,   0% used [0x050d0000, 0x050d0000, 0x05150000)
 tenured generation   total 10944K, used 5450K [0x0a150000, 0x0ac00000, 0x14c00000)
   the space 10944K,  49% used [0x0a150000, 0x0a6a2b60, 0x0a6a2c00, 0x0ac00000)
 Metaspace       used 6422K, capacity 6624K, committed 6656K, reserved 7552K
}
Event: 1.082 GC heap before
{Heap before GC invocations=2 (full 0):
 def new generation   total 4928K, used 4668K [0x04c00000, 0x05150000, 0x0a150000)
  eden space 4416K, 100% used [0x04c00000, 0x05050000, 0x05050000)
  from space 512K,  49% used [0x05050000, 0x0508f248, 0x050d0000)
  to   space 512K,   0% used [0x050d0000, 0x050d0000, 0x05150000)
 tenured generation   total 10944K, used 5450K [0x0a150000, 0x0ac00000, 0x14c00000)
   the space 10944K,  49% used [0x0a150000, 0x0a6a2b60, 0x0a6a2c00, 0x0ac00000)
 Metaspace       used 6429K, capacity 6624K, committed 6656K, reserved 7552K
Event: 1.085 GC heap after
Heap after GC invocations=3 (full 0):
 def new generation   total 4928K, used 512K [0x04c00000, 0x05150000, 0x0a150000)
  eden space 4416K,   0% used [0x04c00000, 0x04c00000, 0x05050000)
  from space 512K, 100% used [0x050d0000, 0x05150000, 0x05150000)
  to   space 512K,   0% used [0x05050000, 0x05050000, 0x050d0000)
 tenured generation   total 10944K, used 5886K [0x0a150000, 0x0ac00000, 0x14c00000)
   the space 10944K,  53% used [0x0a150000, 0x0a70faa8, 0x0a70fc00, 0x0ac00000)
 Metaspace       used 6429K, capacity 6624K, committed 6656K, reserved 7552K
}
Event: 1.133 GC heap before
{Heap before GC invocations=3 (full 0):
 def new generation   total 4928K, used 4928K [0x04c00000, 0x05150000, 0x0a150000)
  eden space 4416K, 100% used [0x04c00000, 0x05050000, 0x05050000)
  from space 512K, 100% used [0x050d0000, 0x05150000, 0x05150000)
  to   space 512K,   0% used [0x05050000, 0x05050000, 0x050d0000)
 tenured generation   total 10944K, used 5886K [0x0a150000, 0x0ac00000, 0x14c00000)
   the space 10944K,  53% used [0x0a150000, 0x0a70faa8, 0x0a70fc00, 0x0ac00000)
 Metaspace       used 6431K, capacity 6624K, committed 6656K, reserved 7552K
Event: 1.135 GC heap after
Heap after GC invocations=4 (full 0):
 def new generation   total 4928K, used 270K [0x04c00000, 0x05150000, 0x0a150000)
  eden space 4416K,   0% used [0x04c00000, 0x04c00000, 0x05050000)
  from space 512K,  52% used [0x05050000, 0x05093800, 0x050d0000)
  to   space 512K,   0% used [0x050d0000, 0x050d0000, 0x05150000)
 tenured generation   total 10944K, used 6358K [0x0a150000, 0x0ac00000, 0x14c00000)
   the space 10944K,  58% used [0x0a150000, 0x0a7858c0, 0x0a785a00, 0x0ac00000)
 Metaspace       used 6431K, capacity 6624K, committed 6656K, reserved 7552K
}
Event: 1.537 GC heap before
{Heap before GC invocations=4 (full 0):
 def new generation   total 4928K, used 4686K [0x04c00000, 0x05150000, 0x0a150000)
  eden space 4416K, 100% used [0x04c00000, 0x05050000, 0x05050000)
  from space 512K,  52% used [0x05050000, 0x05093800, 0x050d0000)
  to   space 512K,   0% used [0x050d0000, 0x050d0000, 0x05150000)
 tenured generation   total 10944K, used 6358K [0x0a150000, 0x0ac00000, 0x14c00000)
   the space 10944K,  58% used [0x0a150000, 0x0a7858c0, 0x0a785a00, 0x0ac00000)
 Metaspace       used 7932K, capacity 8135K, committed 8192K, reserved 8576K
Event: 1.539 GC heap after
Heap after GC invocations=5 (full 0):
 def new generation   total 4928K, used 511K [0x04c00000, 0x05150000, 0x0a150000)
  eden space 4416K,   0% used [0x04c00000, 0x04c00000, 0x05050000)
  from space 512K,  99% used [0x050d0000, 0x0514fff8, 0x05150000)
  to   space 512K,   0% used [0x05050000, 0x05050000, 0x050d0000)
 tenured generation   total 10944K, used 6697K [0x0a150000, 0x0ac00000, 0x14c00000)
   the space 10944K,  61% used [0x0a150000, 0x0a7da640, 0x0a7da800, 0x0ac00000)
 Metaspace       used 7932K, capacity 8135K, committed 8192K, reserved 8576K
}
Event: 2.370 GC heap before
{Heap before GC invocations=5 (full 0):
 def new generation   total 4928K, used 4925K [0x04c00000, 0x05150000, 0x0a150000)
  eden space 4416K,  99% used [0x04c00000, 0x0504f658, 0x05050000)
  from space 512K,  99% used [0x050d0000, 0x0514fff8, 0x05150000)
  to   space 512K,   0% used [0x05050000, 0x05050000, 0x050d0000)
 tenured generation   total 10944K, used 6697K [0x0a150000, 0x0ac00000, 0x14c00000)
   the space 10944K,  61% used [0x0a150000, 0x0a7da640, 0x0a7da800, 0x0ac00000)
 Metaspace       used 8657K, capacity 8842K, committed 8960K, reserved 9600K
Event: 2.372 GC heap after
Heap after GC invocations=6 (full 0):
 def new generation   total 4928K, used 512K [0x04c00000, 0x05150000, 0x0a150000)
  eden space 4416K,   0% used [0x04c00000, 0x04c00000, 0x05050000)
  from space 512K, 100% used [0x05050000, 0x050d0000, 0x050d0000)
  to   space 512K,   0% used [0x050d0000, 0x050d0000, 0x05150000)
 tenured generation   total 10944K, used 7315K [0x0a150000, 0x0ac00000, 0x14c00000)
   the space 10944K,  66% used [0x0a150000, 0x0a874c50, 0x0a874e00, 0x0ac00000)
 Metaspace       used 8657K, capacity 8842K, committed 8960K, reserved 9600K
}

