# JRE version: Java(TM) SE Runtime Environment (8.0_131-b11) (build 1.8.0_131-b11)
# Java VM: Java HotSpot(TM) Client VM (25.131-b11 mixed mode, sharing windows-x86 )
Heap:
 def new generation   total 4928K, used 2992K [0x04600000, 0x04b50000, 0x09b50000)
  eden space 4416K,  56% used [0x04600000, 0x0486c3c0, 0x04a50000)
  from space 512K, 100% used [0x04a50000, 0x04ad0000, 0x04ad0000)
  to   space 512K,   0% used [0x04ad0000, 0x04ad0000, 0x04b50000)
 tenured generation   total 10944K, used 7329K [0x09b50000, 0x0a600000, 0x14600000)
   the space 10944K,  66% used [0x09b50000, 0x0a2787f8, 0x0a278800, 0x0a600000)
 Metaspace       used 2094K, capacity 3121K, committed 3136K, reserved 4480K
GC Heap History (10 events):
Event: 0.307 GC heap before
{Heap before GC invocations=1 (full 0):
 def new generation   total 4928K, used 4928K [0x04600000, 0x04b50000, 0x09b50000)
  eden space 4416K, 100% used [0x04600000, 0x04a50000, 0x04a50000)
  from space 512K, 100% used [0x04ad0000, 0x04b50000, 0x04b50000)
  to   space 512K,   0% used [0x04a50000, 0x04a50000, 0x04ad0000)
 tenured generation   total 10944K, used 1145K [0x09b50000, 0x0a600000, 0x14600000)
   the space 10944K,  10% used [0x09b50000, 0x09c6e7f8, 0x09c6e800, 0x0a600000)
 Metaspace       used 676K, capacity 2552K, committed 2624K, reserved 4480K
Event: 0.310 GC heap after
Heap after GC invocations=2 (full 0):
 def new generation   total 4928K, used 252K [0x04600000, 0x04b50000, 0x09b50000)
  eden space 4416K,   0% used [0x04600000, 0x04600000, 0x04a50000)
  from space 512K,  49% used [0x04a50000, 0x04a8f1d0, 0x04ad0000)
  to   space 512K,   0% used [0x04ad0000, 0x04ad0000, 0x04b50000)
 tenured generation   total 10944K, used 5452K [0x09b50000, 0x0a600000, 0x14600000)
   the space 10944K,  49% used [0x09b50000, 0x0a0a33c0, 0x0a0a3400, 0x0a600000)
 Metaspace       used 676K, capacity 2552K, committed 2624K, reserved 4480K
}
Event: 0.432 GC heap before
{Heap before GC invocations=2 (full 0):
 def new generation   total 4928K, used 4668K [0x04600000, 0x04b50000, 0x09b50000)
  eden space 4416K, 100% used [0x04600000, 0x04a50000, 0x04a50000)
  from space 512K,  49% used [0x04a50000, 0x04a8f1d0, 0x04ad0000)
  to   space 512K,   0% used [0x04ad0000, 0x04ad0000, 0x04b50000)
 tenured generation   total 10944K, used 5452K [0x09b50000, 0x0a600000, 0x14600000)
   the space 10944K,  49% used [0x09b50000, 0x0a0a33c0, 0x0a0a3400, 0x0a600000)
 Metaspace       used 679K, capacity 2552K, committed 2624K, reserved 4480K
Event: 0.435 GC heap after
Heap after GC invocations=3 (full 0):
 def new generation   total 4928K, used 512K [0x04600000, 0x04b50000, 0x09b50000)
  eden space 4416K,   0% used [0x04600000, 0x04600000, 0x04a50000)
  from space 512K, 100% used [0x04ad0000, 0x04b50000, 0x04b50000)
  to   space 512K,   0% used [0x04a50000, 0x04a50000, 0x04ad0000)
 tenured generation   total 10944K, used 5881K [0x09b50000, 0x0a600000, 0x14600000)
   the space 10944K,  53% used [0x09b50000, 0x0a10e600, 0x0a10e600, 0x0a600000)
 Metaspace       used 679K, capacity 2552K, committed 2624K, reserved 4480K
}
Event: 0.486 GC heap before
{Heap before GC invocations=3 (full 0):
 def new generation   total 4928K, used 4928K [0x04600000, 0x04b50000, 0x09b50000)
  eden space 4416K, 100% used [0x04600000, 0x04a50000, 0x04a50000)
  from space 512K, 100% used [0x04ad0000, 0x04b50000, 0x04b50000)
  to   space 512K,   0% used [0x04a50000, 0x04a50000, 0x04ad0000)
 tenured generation   total 10944K, used 5881K [0x09b50000, 0x0a600000, 0x14600000)
   the space 10944K,  53% used [0x09b50000, 0x0a10e600, 0x0a10e600, 0x0a600000)
 Metaspace       used 679K, capacity 2552K, committed 2624K, reserved 4480K
Event: 0.489 GC heap after
Heap after GC invocations=4 (full 0):
 def new generation   total 4928K, used 271K [0x04600000, 0x04b50000, 0x09b50000)
  eden space 4416K,   0% used [0x04600000, 0x04600000, 0x04a50000)
  from space 512K,  52% used [0x04a50000, 0x04a93d60, 0x04ad0000)
  to   space 512K,   0% used [0x04ad0000, 0x04ad0000, 0x04b50000)
 tenured generation   total 10944K, used 6353K [0x09b50000, 0x0a600000, 0x14600000)
   the space 10944K,  58% used [0x09b50000, 0x0a184590, 0x0a184600, 0x0a600000)
 Metaspace       used 679K, capacity 2552K, committed 2624K, reserved 4480K
}
Event: 0.714 GC heap before
{Heap before GC invocations=4 (full 0):
 def new generation   total 4928K, used 4673K [0x04600000, 0x04b50000, 0x09b50000)
  eden space 4416K,  99% used [0x04600000, 0x04a4c9e0, 0x04a50000)
  from space 512K,  52% used [0x04a50000, 0x04a93d60, 0x04ad0000)
  to   space 512K,   0% used [0x04ad0000, 0x04ad0000, 0x04b50000)
 tenured generation   total 10944K, used 6353K [0x09b50000, 0x0a600000, 0x14600000)
   the space 10944K,  58% used [0x09b50000, 0x0a184590, 0x0a184600, 0x0a600000)
 Metaspace       used 1103K, capacity 2687K, committed 2752K, reserved 4480K
Event: 0.716 GC heap after
Heap after GC invocations=5 (full 0):
 def new generation   total 4928K, used 511K [0x04600000, 0x04b50000, 0x09b50000)
  eden space 4416K,   0% used [0x04600000, 0x04600000, 0x04a50000)
  from space 512K,  99% used [0x04ad0000, 0x04b4fff8, 0x04b50000)
  to   space 512K,   0% used [0x04a50000, 0x04a50000, 0x04ad0000)
 tenured generation   total 10944K, used 6690K [0x09b50000, 0x0a600000, 0x14600000)
   the space 10944K,  61% used [0x09b50000, 0x0a1d8ba0, 0x0a1d8c00, 0x0a600000)
 Metaspace       used 1103K, capacity 2687K, committed 2752K, reserved 4480K
}
Event: 0.985 GC heap before
{Heap before GC invocations=5 (full 0):
 def new generation   total 4928K, used 4927K [0x04600000, 0x04b50000, 0x09b50000)
  eden space 4416K, 100% used [0x04600000, 0x04a50000, 0x04a50000)
  from space 512K,  99% used [0x04ad0000, 0x04b4fff8, 0x04b50000)
  to   space 512K,   0% used [0x04a50000, 0x04a50000, 0x04ad0000)
 tenured generation   total 10944K, used 6690K [0x09b50000, 0x0a600000, 0x14600000)
   the space 10944K,  61% used [0x09b50000, 0x0a1d8ba0, 0x0a1d8c00, 0x0a600000)
 Metaspace       used 1674K, capacity 3074K, committed 3136K, reserved 4480K
Event: 0.988 GC heap after
Heap after GC invocations=6 (full 0):
 def new generation   total 4928K, used 512K [0x04600000, 0x04b50000, 0x09b50000)
  eden space 4416K,   0% used [0x04600000, 0x04600000, 0x04a50000)
  from space 512K, 100% used [0x04a50000, 0x04ad0000, 0x04ad0000)
  to   space 512K,   0% used [0x04ad0000, 0x04ad0000, 0x04b50000)
 tenured generation   total 10944K, used 7329K [0x09b50000, 0x0a600000, 0x14600000)
   the space 10944K,  66% used [0x09b50000, 0x0a2787f8, 0x0a278800, 0x0a600000)
 Metaspace       used 1674K, capacity 3074K, committed 3136K, reserved 4480K
}

